<?xml version="1.0" encoding="UTF-8"?>
<testng-results ignored="0" total="1" passed="1" failed="0" skipped="0">
  <reporter-output>
  </reporter-output>
  <suite started-at="2022-07-03T13:44:42 IST" name="Default suite" finished-at="2022-07-03T13:45:29 IST" duration-ms="46433">
    <groups>
    </groups>
    <test started-at="2022-07-03T13:44:42 IST" name="Default test" finished-at="2022-07-03T13:45:29 IST" duration-ms="46433">
      <class name="testJava.GoogleCovidReport">
        <test-method is-config="true" signature="testConfiguration()[pri:0, instance:testJava.GoogleCovidReport@659499f1]" started-at="2022-07-03T13:44:42 IST" name="testConfiguration" finished-at="2022-07-03T13:44:51 IST" duration-ms="9116" status="PASS">
          <reporter-output>
          </reporter-output>
        </test-method> <!-- testConfiguration -->
        <test-method signature="validateCovidGraph()[pri:0, instance:testJava.GoogleCovidReport@659499f1]" started-at="2022-07-03T13:44:51 IST" name="validateCovidGraph" finished-at="2022-07-03T13:45:24 IST" duration-ms="33061" status="PASS">
          <reporter-output>
          </reporter-output>
        </test-method> <!-- validateCovidGraph -->
        <test-method is-config="true" signature="afterTest()[pri:0, instance:testJava.GoogleCovidReport@659499f1]" started-at="2022-07-03T13:45:24 IST" name="afterTest" finished-at="2022-07-03T13:45:29 IST" duration-ms="4180" status="PASS">
          <reporter-output>
          </reporter-output>
        </test-method> <!-- afterTest -->
      </class> <!-- testJava.GoogleCovidReport -->
    </test> <!-- Default test -->
  </suite> <!-- Default suite -->
</testng-results>
